<?xml version="1.0" encoding="UTF-8"?>
<testsuite xmlns:xsi="http://www.w3.org/2001/XMLSchema-instance" xsi:noNamespaceSchemaLocation="https://maven.apache.org/surefire/maven-surefire-plugin/xsd/surefire-test-report.xsd" name="com.Huawei.NBIoTDevice.WaterMeter.ProtocolServiceImplTest" time="0.393" tests="4" errors="0" skipped="0" failures="0">
  <properties>
    <property name="sun.desktop" value="windows"/>
    <property name="awt.toolkit" value="sun.awt.windows.WToolkit"/>
    <property name="file.encoding.pkg" value="sun.io"/>
    <property name="java.specification.version" value="1.8"/>
    <property name="sun.cpu.isalist" value="amd64"/>
    <property name="sun.jnu.encoding" value="GBK"/>
    <property name="java.class.path" value="C:\Users\gWX564263\Desktop\赵金勇\source_code\target\test-classes;C:\Users\gWX564263\Desktop\赵金勇\source_code\target\classes;D:\IoT\maven\repo\junit\junit\4.11\junit-4.11.jar;D:\IoT\maven\repo\org\hamcrest\hamcrest-core\1.3\hamcrest-core-1.3.jar;D:\IoT\maven\repo\org\slf4j\slf4j-api\1.7.6\slf4j-api-1.7.6.jar;D:\IoT\maven\repo\com\fasterxml\jackson\core\jackson-databind\2.7.4\jackson-databind-2.7.4.jar;D:\IoT\maven\repo\com\fasterxml\jackson\core\jackson-annotations\2.7.0\jackson-annotations-2.7.0.jar;D:\IoT\maven\repo\com\fasterxml\jackson\core\jackson-core\2.7.4\jackson-core-2.7.4.jar;C:\Users\gWX564263\Desktop\赵金勇\source_code\lib\com.huawei.m2m.cig.tup-1.3.1.jar;D:\IoT\maven\repo\net\sf\json-lib\json-lib\2.4\json-lib-2.4-jdk15.jar;D:\IoT\maven\repo\commons-beanutils\commons-beanutils\1.8.0\commons-beanutils-1.8.0.jar;D:\IoT\maven\repo\commons-collections\commons-collections\3.2.1\commons-collections-3.2.1.jar;D:\IoT\maven\repo\commons-lang\commons-lang\2.5\commons-lang-2.5.jar;D:\IoT\maven\repo\commons-logging\commons-logging\1.1.1\commons-logging-1.1.1.jar;D:\IoT\maven\repo\net\sf\ezmorph\ezmorph\1.0.6\ezmorph-1.0.6.jar;"/>
    <property name="java.vm.vendor" value="Oracle Corporation"/>
    <property name="sun.arch.data.model" value="64"/>
    <property name="user.variant" value=""/>
    <property name="java.vendor.url" value="http://java.oracle.com/"/>
    <property name="user.timezone" value="GMT+08:00"/>
    <property name="java.vm.specification.version" value="1.8"/>
    <property name="os.name" value="Windows 7"/>
    <property name="user.country" value="CN"/>
    <property name="sun.java.launcher" value="SUN_STANDARD"/>
    <property name="sun.boot.library.path" value="D:\soft\jdk\jre\bin"/>
    <property name="sun.java.command" value="C:\Users\GWX564~1\AppData\Local\Temp\surefire6425196817953569779\surefirebooter4752729294818104989.jar C:\Users\gWX564263\AppData\Local\Temp\surefire6425196817953569779 2018-08-03T16-25-43_713-jvmRun1 surefire8800959278602722680tmp surefire_06323471288501630613tmp"/>
    <property name="surefire.test.class.path" value="C:\Users\gWX564263\Desktop\赵金勇\source_code\target\test-classes;C:\Users\gWX564263\Desktop\赵金勇\source_code\target\classes;D:\IoT\maven\repo\junit\junit\4.11\junit-4.11.jar;D:\IoT\maven\repo\org\hamcrest\hamcrest-core\1.3\hamcrest-core-1.3.jar;D:\IoT\maven\repo\org\slf4j\slf4j-api\1.7.6\slf4j-api-1.7.6.jar;D:\IoT\maven\repo\com\fasterxml\jackson\core\jackson-databind\2.7.4\jackson-databind-2.7.4.jar;D:\IoT\maven\repo\com\fasterxml\jackson\core\jackson-annotations\2.7.0\jackson-annotations-2.7.0.jar;D:\IoT\maven\repo\com\fasterxml\jackson\core\jackson-core\2.7.4\jackson-core-2.7.4.jar;C:\Users\gWX564263\Desktop\赵金勇\source_code\lib\com.huawei.m2m.cig.tup-1.3.1.jar;D:\IoT\maven\repo\net\sf\json-lib\json-lib\2.4\json-lib-2.4-jdk15.jar;D:\IoT\maven\repo\commons-beanutils\commons-beanutils\1.8.0\commons-beanutils-1.8.0.jar;D:\IoT\maven\repo\commons-collections\commons-collections\3.2.1\commons-collections-3.2.1.jar;D:\IoT\maven\repo\commons-lang\commons-lang\2.5\commons-lang-2.5.jar;D:\IoT\maven\repo\commons-logging\commons-logging\1.1.1\commons-logging-1.1.1.jar;D:\IoT\maven\repo\net\sf\ezmorph\ezmorph\1.0.6\ezmorph-1.0.6.jar;"/>
    <property name="sun.cpu.endian" value="little"/>
    <property name="user.home" value="C:\Users\gWX564263"/>
    <property name="user.language" value="zh"/>
    <property name="java.specification.vendor" value="Oracle Corporation"/>
    <property name="java.home" value="D:\soft\jdk\jre"/>
    <property name="basedir" value="C:\Users\gWX564263\Desktop\赵金勇\source_code"/>
    <property name="file.separator" value="\"/>
    <property name="line.separator" value="&#10;"/>
    <property name="java.vm.specification.vendor" value="Oracle Corporation"/>
    <property name="java.specification.name" value="Java Platform API Specification"/>
    <property name="java.awt.graphicsenv" value="sun.awt.Win32GraphicsEnvironment"/>
    <property name="surefire.real.class.path" value="C:\Users\GWX564~1\AppData\Local\Temp\surefire6425196817953569779\surefirebooter4752729294818104989.jar"/>
    <property name="sun.boot.class.path" value="D:\soft\jdk\jre\lib\resources.jar;D:\soft\jdk\jre\lib\rt.jar;D:\soft\jdk\jre\lib\sunrsasign.jar;D:\soft\jdk\jre\lib\jsse.jar;D:\soft\jdk\jre\lib\jce.jar;D:\soft\jdk\jre\lib\charsets.jar;D:\soft\jdk\jre\lib\jfr.jar;D:\soft\jdk\jre\classes"/>
    <property name="user.script" value=""/>
    <property name="sun.management.compiler" value="HotSpot 64-Bit Tiered Compilers"/>
    <property name="java.runtime.version" value="1.8.0_121-b13"/>
    <property name="user.name" value="gWX564263"/>
    <property name="path.separator" value=";"/>
    <property name="os.version" value="6.1"/>
    <property name="java.endorsed.dirs" value="D:\soft\jdk\jre\lib\endorsed"/>
    <property name="java.runtime.name" value="Java(TM) SE Runtime Environment"/>
    <property name="file.encoding" value="GBK"/>
    <property name="java.vm.name" value="Java HotSpot(TM) 64-Bit Server VM"/>
    <property name="localRepository" value="D:\IoT\maven\repo"/>
    <property name="java.vendor.url.bug" value="http://bugreport.sun.com/bugreport/"/>
    <property name="java.io.tmpdir" value="C:\Users\GWX564~1\AppData\Local\Temp\"/>
    <property name="java.version" value="1.8.0_121"/>
    <property name="user.dir" value="C:\Users\gWX564263\Desktop\赵金勇\source_code"/>
    <property name="os.arch" value="amd64"/>
    <property name="java.vm.specification.name" value="Java Virtual Machine Specification"/>
    <property name="java.awt.printerjob" value="sun.awt.windows.WPrinterJob"/>
    <property name="sun.os.patch.level" value="Service Pack 1"/>
    <property name="java.library.path" value="D:\soft\jdk\jre\bin;C:\Windows\Sun\Java\bin;C:\Windows\system32;C:\Windows;D:\soft\jdk\bin;C:\ProgramData\Oracle\Java\javapath;C:\Windows\system32;C:\Windows;C:\Windows\System32\Wbem;C:\Windows\System32\WindowsPowerShell\v1.0\;C:\Program Files\TortoiseGit\bin;D:\soft\maven\apache-maven-3.3.9\bin;D:\soft\svn\svn\bin;."/>
    <property name="java.vm.info" value="mixed mode"/>
    <property name="java.vendor" value="Oracle Corporation"/>
    <property name="java.vm.version" value="25.121-b13"/>
    <property name="java.ext.dirs" value="D:\soft\jdk\jre\lib\ext;C:\Windows\Sun\Java\lib\ext"/>
    <property name="sun.io.unicode.encoding" value="UnicodeLittle"/>
    <property name="java.class.version" value="52.0"/>
  </properties>
  <testcase name="testDecodeDeviceReportData" classname="com.Huawei.NBIoTDevice.WaterMeter.ProtocolServiceImplTest" time="0.357"/>
  <testcase name="testDecodeDeviceResponseIoT" classname="com.Huawei.NBIoTDevice.WaterMeter.ProtocolServiceImplTest" time="0"/>
  <testcase name="testEncodeIoTSendCommand" classname="com.Huawei.NBIoTDevice.WaterMeter.ProtocolServiceImplTest" time="0"/>
  <testcase name="testEncodeIoTResponseDevice" classname="com.Huawei.NBIoTDevice.WaterMeter.ProtocolServiceImplTest" time="0"/>
</testsuite>